2026-07-01 23:28:05 [info] ✅ Telegram Bot connected
2026-07-01 23:28:05 [info] 🧠 Loaded 0 students into cache
2026-07-01 23:28:05 [info] 🚀 Server running at http://localhost:5000
2026-07-01 23:28:05 [info] 📅 Today's session: 2026-07-01
2026-07-01 23:28:05 [info] ✅ Cache loaded, WebSocket ready, auto reports scheduled
2026-07-01 23:33:10 [info] ✅ Telegram Bot connected
2026-07-01 23:33:10 [info] 🧠 Loaded 0 students into cache
2026-07-01 23:33:10 [info] 🚀 Server running at http://localhost:5000
2026-07-01 23:33:10 [info] 📅 Today's session: 2026-07-01
2026-07-01 23:33:10 [info] ✅ Cache loaded, WebSocket ready, auto reports scheduled
2026-07-01 23:34:13 [info] 📝 Registered student Dương Thị Mỹ Tâm (QE200009)
2026-07-01 23:34:13 [info] 📝 Registered student Hà Đặng Quốc Toàn (QE200006)
2026-07-01 23:34:13 [info] 📝 Registered student Lê Gia Bảo (QE200316)
2026-07-01 23:34:13 [info] 📝 Registered student Lê Ngọc Phú (QE200080)
2026-07-01 23:34:13 [info] 📝 Registered student Nguyễn Anh Tín (QE200034)
2026-07-01 23:34:13 [info] 📝 Registered student Nguyễn Trung Hiếu (QE200041)
2026-07-01 23:34:13 [info] 📝 Registered student Nguyễn Xuân Đỉnh (QE200101)
2026-07-01 23:34:14 [info] 📝 Registered student Phạm Hoàng Quân (QS200003)
2026-07-01 23:34:14 [info] 📝 Registered student Trần Vân Khánh (QE200083)
2026-07-01 23:34:14 [info] 📝 Registered student Đinh Tấn Huy (QE200063)
2026-07-01 23:40:22 [info] ✅ Telegram Bot connected
2026-07-01 23:40:22 [info] 🧠 Loaded 10 students into cache
2026-07-01 23:40:22 [info] 🚀 Server running at http://localhost:5000
2026-07-01 23:40:22 [info] 📅 Today's session: 2026-07-01
2026-07-01 23:40:22 [info] ✅ Cache loaded, WebSocket ready, auto reports scheduled
2026-07-01 23:41:54 [info] 📨 Report sent for session Tối 7
2026-07-01 23:42:15 [info] ✅ Telegram Bot connected
2026-07-01 23:42:15 [info] 🧠 Loaded 10 students into cache
2026-07-01 23:42:15 [info] 🚀 Server running at http://localhost:5000
2026-07-01 23:42:15 [info] 📅 Today's session: 2026-07-01
2026-07-01 23:42:15 [info] ✅ Cache loaded, WebSocket ready, auto reports scheduled
